[2014-12-11 18:06:43.583958] init log succ
**********************************************
* ISGW Module Name: isgw_svrd
* ISGW Module Version: V3.2
* ISGW Module Build Time: Dec 11 2014 17:59:05
**********************************************
[2014-12-11 18:06:43.584031] isgw_svrd init ...
[2014-12-11 18:06:43.584044] env ISGW_STAT not set, use default working path
[2014-12-11 18:06:43.584598] ISGWApp init stat succ
[2014-12-11 18:06:43.584678] ACE_Object_Que new instance
[2014-12-11 18:06:43.584693] ACE_Object_Que construct succ.
[2014-12-11 18:06:43.651944] ACE_Object_Que init msg succ,msg counts=5000
[2014-12-11 18:06:43.652008] ACE_Object_Que new instance
[2014-12-11 18:06:43.652022] ACE_Object_Que construct succ.
[2014-12-11 18:06:43.719678] ACE_Object_Que init msg succ,msg counts=5000
[2014-12-11 18:06:43.719789] ISGWMgrSvc start to init
[2014-12-11 18:06:43.719885] CmdAmntCntrl init start_cmd=950,end_cmd=990,intvl=30,max_req=100000,max_fail_ratio=100
[2014-12-11 18:06:43.720121] ISGWMgrSvc set quesize=104857600(byte)
[2014-12-11 18:06:43.720148] ACESvc open que size hwm=104857600,lwm=104857600
[2014-12-11 18:06:43.720162] ISGWMgrSvc set number of threads=100
[2014-12-11 18:06:43.721134] ACESvc (11324:11323) enter svc ...
[2014-12-11 18:06:43.721652] ACESvc (11325:11323) enter svc ...
[2014-12-11 18:06:43.722193] ACESvc (11326:11323) enter svc ...
[2014-12-11 18:06:43.722462] ACESvc (11327:11323) enter svc ...
[2014-12-11 18:06:43.723255] ACESvc (11328:11323) enter svc ...
[2014-12-11 18:06:43.724005] ACESvc (11329:11323) enter svc ...
[2014-12-11 18:06:43.724769] ACESvc (11331:11323) enter svc ...
[2014-12-11 18:06:43.724175] ACESvc (11330:11323) enter svc ...
[2014-12-11 18:06:43.726981] ACESvc (11332:11323) enter svc ...
[2014-12-11 18:06:43.727967] ACESvc (11335:11323) enter svc ...
[2014-12-11 18:06:43.728056] ACESvc (11336:11323) enter svc ...
[2014-12-11 18:06:43.727706] ACESvc (11333:11323) enter svc ...
[2014-12-11 18:06:43.728864] ACESvc (11334:11323) enter svc ...
[2014-12-11 18:06:43.729049] ACESvc (11337:11323) enter svc ...
[2014-12-11 18:06:43.729309] ACESvc (11338:11323) enter svc ...
[2014-12-11 18:06:43.729672] ACESvc (11339:11323) enter svc ...
[2014-12-11 18:06:43.729678] ACESvc (11340:11323) enter svc ...
[2014-12-11 18:06:43.730565] ACESvc (11342:11323) enter svc ...
[2014-12-11 18:06:43.730818] ACESvc (11343:11323) enter svc ...
[2014-12-11 18:06:43.731312] ACESvc (11341:11323) enter svc ...
[2014-12-11 18:06:43.731740] ACESvc (11344:11323) enter svc ...
[2014-12-11 18:06:43.732243] ACESvc (11345:11323) enter svc ...
[2014-12-11 18:06:43.732386] ACESvc (11346:11323) enter svc ...
[2014-12-11 18:06:43.733377] ACESvc (11347:11323) enter svc ...
[2014-12-11 18:06:43.733390] ACESvc (11348:11323) enter svc ...
[2014-12-11 18:06:43.733982] ACESvc (11349:11323) enter svc ...
[2014-12-11 18:06:43.734806] ACESvc (11351:11323) enter svc ...
[2014-12-11 18:06:43.734988] ACESvc (11352:11323) enter svc ...
[2014-12-11 18:06:43.735402] ACESvc (11353:11323) enter svc ...
[2014-12-11 18:06:43.736112] ACESvc (11355:11323) enter svc ...
[2014-12-11 18:06:43.736119] ACESvc (11356:11323) enter svc ...
[2014-12-11 18:06:43.736149] ACESvc (11354:11323) enter svc ...
[2014-12-11 18:06:43.736882] ACESvc (11358:11323) enter svc ...
[2014-12-11 18:06:43.737997] ACESvc (11363:11323) enter svc ...
[2014-12-11 18:06:43.738916] ACESvc (11367:11323) enter svc ...
[2014-12-11 18:06:43.739219] ACESvc (11368:11323) enter svc ...
[2014-12-11 18:06:43.736955] ACESvc (11357:11323) enter svc ...
[2014-12-11 18:06:43.737578] ACESvc (11361:11323) enter svc ...
[2014-12-11 18:06:43.737125] ACESvc (11359:11323) enter svc ...
[2014-12-11 18:06:43.738242] ACESvc (11364:11323) enter svc ...
[2014-12-11 18:06:43.739937] ACESvc (11371:11323) enter svc ...
[2014-12-11 18:06:43.738656] ACESvc (11366:11323) enter svc ...
[2014-12-11 18:06:43.737383] ACESvc (11360:11323) enter svc ...
[2014-12-11 18:06:43.736705] ACESvc (11350:11323) enter svc ...
[2014-12-11 18:06:43.737806] ACESvc (11362:11323) enter svc ...
[2014-12-11 18:06:43.739727] ACESvc (11370:11323) enter svc ...
[2014-12-11 18:06:43.740504] ACESvc (11369:11323) enter svc ...
[2014-12-11 18:06:43.738412] ACESvc (11365:11323) enter svc ...
[2014-12-11 18:06:43.740764] ACESvc (11372:11323) enter svc ...
[2014-12-11 18:06:43.740610] ACESvc (11374:11323) enter svc ...
[2014-12-11 18:06:43.741009] ACESvc (11373:11323) enter svc ...
[2014-12-11 18:06:43.741216] ACESvc (11376:11323) enter svc ...
[2014-12-11 18:06:43.741238] ACESvc (11377:11323) enter svc ...
[2014-12-11 18:06:43.741472] ACESvc (11378:11323) enter svc ...
[2014-12-11 18:06:43.741654] ACESvc (11379:11323) enter svc ...
[2014-12-11 18:06:43.742064] ACESvc (11381:11323) enter svc ...
[2014-12-11 18:06:43.742271] ACESvc (11382:11323) enter svc ...
[2014-12-11 18:06:43.742076] ACESvc (11380:11323) enter svc ...
[2014-12-11 18:06:43.742690] ACESvc (11383:11323) enter svc ...
[2014-12-11 18:06:43.742693] ACESvc (11384:11323) enter svc ...
[2014-12-11 18:06:43.742889] ACESvc (11385:11323) enter svc ...
[2014-12-11 18:06:43.742972] ACESvc (11375:11323) enter svc ...
[2014-12-11 18:06:43.743417] ACESvc (11387:11323) enter svc ...
[2014-12-11 18:06:43.745811] ACESvc (11388:11323) enter svc ...
[2014-12-11 18:06:43.745844] ACESvc (11389:11323) enter svc ...
[2014-12-11 18:06:43.745892] ACESvc (11405:11323) enter svc ...
[2014-12-11 18:06:43.745988] ACESvc (11386:11323) enter svc ...
[2014-12-11 18:06:43.746116] ACESvc (11392:11323) enter svc ...
[2014-12-11 18:06:43.746356] ACESvc (11394:11323) enter svc ...
[2014-12-11 18:06:43.746567] ACESvc (11396:11323) enter svc ...
[2014-12-11 18:06:43.745885] ACESvc (11406:11323) enter svc ...
[2014-12-11 18:06:43.746791] ACESvc (11398:11323) enter svc ...
[2014-12-11 18:06:43.746591] ACESvc (11407:11323) enter svc ...
[2014-12-11 18:06:43.747376] ACESvc (11400:11323) enter svc ...
[2014-12-11 18:06:43.747686] ACESvc (11403:11323) enter svc ...
[2014-12-11 18:06:43.747810] ACESvc (11395:11323) enter svc ...
[2014-12-11 18:06:43.747538] ACESvc (11397:11323) enter svc ...
[2014-12-11 18:06:43.747995] ACESvc (11399:11323) enter svc ...
[2014-12-11 18:06:43.747620] ACESvc (11404:11323) enter svc ...
[2014-12-11 18:06:43.747321] ACESvc (11402:11323) enter svc ...
[2014-12-11 18:06:43.748510] ACESvc (11410:11323) enter svc ...
[2014-12-11 18:06:43.747378] ACESvc (11401:11323) enter svc ...
[2014-12-11 18:06:43.747575] ACESvc (11391:11323) enter svc ...
[2014-12-11 18:06:43.748042] ACESvc (11390:11323) enter svc ...
[2014-12-11 18:06:43.749682] ACESvc (11411:11323) enter svc ...
[2014-12-11 18:06:43.748350] ACESvc (11408:11323) enter svc ...
[2014-12-11 18:06:43.748230] ACESvc (11409:11323) enter svc ...
[2014-12-11 18:06:43.748566] ACESvc (11412:11323) enter svc ...
[2014-12-11 18:06:43.750614] ACESvc (11414:11323) enter svc ...
[2014-12-11 18:06:43.750716] ACESvc (11415:11323) enter svc ...
[2014-12-11 18:06:43.750834] ACESvc (11416:11323) enter svc ...
[2014-12-11 18:06:43.750870] ACESvc (11417:11323) enter svc ...
[2014-12-11 18:06:43.751006] ACESvc (11419:11323) enter svc ...
[2014-12-11 18:06:43.747808] ACESvc (11393:11323) enter svc ...
[2014-12-11 18:06:43.750203] ACESvc (11413:11323) enter svc ...
[2014-12-11 18:06:43.751247] ACESvc (11422:11323) enter svc ...
[2014-12-11 18:06:43.750417] ISGWMgrSvc init succ,inner lock=0x73ac6c8,out lock=0x73ac788
[2014-12-11 18:06:43.751380] ISGWApp init ISGWMgrSvc succ
[2014-12-11 18:06:43.750230] ACESvc (11421:11323) enter svc ...
[2014-12-11 18:06:43.751483] ACESvc (11418:11323) enter svc ...
[2014-12-11 18:06:43.751450] ISGWIntf get cfg ip failed,get eth1 ip
[2014-12-11 18:06:43.751151] ACESvc (11420:11323) enter svc ...
[2014-12-11 18:06:43.751541] ACESvc (11423:11323) enter svc ...
[2014-12-11 18:06:43.751690] ISGWApp tcp listen succ,ip=10.12.188.118,port=5693
[2014-12-11 18:06:43.751716] ISGWCIntf set quesize=10485760(byte)
[2014-12-11 18:06:43.751748] isgw_svrd init succ ...
[2014-12-11 18:06:43.751761] init app succ
[2014-12-11 18:06:43.751774] write pid file ./isgw_svrd.pid
[2014-12-11 18:06:43.751897] write pid file succ
[2014-12-11 18:06:43.751912] enter daemon main pid: 11323
[2014-12-11 18:06:43.751931] within daemon main pid: 11323
[2014-12-11 18:07:15.369782] IsgwOperBase start to process CMD_TEST
[2014-12-11 18:07:15.369847] IsgwOperBase process CMD_TEST succ
34330752: work_pending_i: Interrupted system call
[2014-12-11 18:07:32.666493] within daemon main pid: 11323
34330752: work_pending_i: Interrupted system call
[2014-12-11 18:07:36.365726] within daemon main pid: 11323
34330752: work_pending_i: Interrupted system call
[2014-12-11 18:07:44.970423] within daemon main pid: 11323
34330752: work_pending_i: Interrupted system call
[2014-12-11 18:08:08.610039] within daemon main pid: 11323
[2014-12-12 11:46:37.740668] init log succ
**********************************************
* ISGW Module Name: isgw_svrd
* ISGW Module Version: V3.2
* ISGW Module Build Time: Dec 12 2014 11:45:44
**********************************************
[2014-12-12 11:46:37.740730] isgw_svrd init ...
[2014-12-12 11:46:37.740741] env ISGW_STAT not set, use default working path
[2014-12-12 11:46:37.740792] ISGWApp init stat succ
[2014-12-12 11:46:37.740881] ACE_Object_Que new instance
[2014-12-12 11:46:37.740898] ACE_Object_Que construct succ.
[2014-12-12 11:46:37.810515] ACE_Object_Que init msg succ,msg counts=5000
[2014-12-12 11:46:37.810580] ACE_Object_Que new instance
[2014-12-12 11:46:37.810595] ACE_Object_Que construct succ.
[2014-12-12 11:46:37.880756] ACE_Object_Que init msg succ,msg counts=5000
[2014-12-12 11:46:37.880864] ISGWMgrSvc start to init
[2014-12-12 11:46:37.880961] CmdAmntCntrl init start_cmd=950,end_cmd=990,intvl=30,max_req=100000,max_fail_ratio=100
[2014-12-12 11:46:37.881240] ISGWMgrSvc set quesize=104857600(byte)
[2014-12-12 11:46:37.881277] ACESvc open que size hwm=104857600,lwm=104857600
[2014-12-12 11:46:37.881293] ISGWMgrSvc set number of threads=100
[2014-12-12 11:46:37.882549] ACESvc (24514:24513) enter svc ...
[2014-12-12 11:46:37.882815] ACESvc (24515:24513) enter svc ...
[2014-12-12 11:46:37.883429] ACESvc (24516:24513) enter svc ...
[2014-12-12 11:46:37.883802] ACESvc (24517:24513) enter svc ...
[2014-12-12 11:46:37.884156] ACESvc (24518:24513) enter svc ...
[2014-12-12 11:46:37.885296] ACESvc (24519:24513) enter svc ...
[2014-12-12 11:46:37.885384] ACESvc (24520:24513) enter svc ...
[2014-12-12 11:46:37.885881] ACESvc (24521:24513) enter svc ...
[2014-12-12 11:46:37.887829] ACESvc (24522:24513) enter svc ...
[2014-12-12 11:46:37.888306] ACESvc (24523:24513) enter svc ...
[2014-12-12 11:46:37.889057] ACESvc (24526:24513) enter svc ...
[2014-12-12 11:46:37.888718] ACESvc (24525:24513) enter svc ...
[2014-12-12 11:46:37.889353] ACESvc (24527:24513) enter svc ...
[2014-12-12 11:46:37.889383] ACESvc (24524:24513) enter svc ...
[2014-12-12 11:46:37.890003] ACESvc (24528:24513) enter svc ...
[2014-12-12 11:46:37.890261] ACESvc (24529:24513) enter svc ...
[2014-12-12 11:46:37.890799] ACESvc (24530:24513) enter svc ...
[2014-12-12 11:46:37.891210] ACESvc (24531:24513) enter svc ...
[2014-12-12 11:46:37.891664] ACESvc (24532:24513) enter svc ...
[2014-12-12 11:46:37.892213] ACESvc (24533:24513) enter svc ...
[2014-12-12 11:46:37.892604] ACESvc (24534:24513) enter svc ...
[2014-12-12 11:46:37.892890] ACESvc (24535:24513) enter svc ...
[2014-12-12 11:46:37.893500] ACESvc (24537:24513) enter svc ...
[2014-12-12 11:46:37.893792] ACESvc (24536:24513) enter svc ...
[2014-12-12 11:46:37.894093] ACESvc (24538:24513) enter svc ...
[2014-12-12 11:46:37.894616] ACESvc (24539:24513) enter svc ...
[2014-12-12 11:46:37.894780] ACESvc (24540:24513) enter svc ...
[2014-12-12 11:46:37.895488] ACESvc (24542:24513) enter svc ...
[2014-12-12 11:46:37.896076] ACESvc (24543:24513) enter svc ...
[2014-12-12 11:46:37.896126] ACESvc (24541:24513) enter svc ...
[2014-12-12 11:46:37.897914] ACESvc (24547:24513) enter svc ...
[2014-12-12 11:46:37.897985] ACESvc (24548:24513) enter svc ...
[2014-12-12 11:46:37.898039] ACESvc (24549:24513) enter svc ...
[2014-12-12 11:46:37.898104] ACESvc (24546:24513) enter svc ...
[2014-12-12 11:46:37.898141] ACESvc (24550:24513) enter svc ...
[2014-12-12 11:46:37.898196] ACESvc (24556:24513) enter svc ...
[2014-12-12 11:46:37.898268] ACESvc (24545:24513) enter svc ...
[2014-12-12 11:46:37.898560] ACESvc (24552:24513) enter svc ...
[2014-12-12 11:46:37.898266] ACESvc (24544:24513) enter svc ...
[2014-12-12 11:46:37.897948] ACESvc (24551:24513) enter svc ...
[2014-12-12 11:46:37.898527] ACESvc (24554:24513) enter svc ...
[2014-12-12 11:46:37.898200] ACESvc (24553:24513) enter svc ...
[2014-12-12 11:46:37.898902] ACESvc (24557:24513) enter svc ...
[2014-12-12 11:46:37.899491] ACESvc (24558:24513) enter svc ...
[2014-12-12 11:46:37.899493] ACESvc (24555:24513) enter svc ...
[2014-12-12 11:46:37.899599] ACESvc (24560:24513) enter svc ...
[2014-12-12 11:46:37.899543] ACESvc (24559:24513) enter svc ...
[2014-12-12 11:46:37.900166] ACESvc (24562:24513) enter svc ...
[2014-12-12 11:46:37.900242] ACESvc (24563:24513) enter svc ...
[2014-12-12 11:46:37.900450] ACESvc (24564:24513) enter svc ...
[2014-12-12 11:46:37.900673] ACESvc (24565:24513) enter svc ...
[2014-12-12 11:46:37.900855] ACESvc (24566:24513) enter svc ...
[2014-12-12 11:46:37.901023] ACESvc (24567:24513) enter svc ...
[2014-12-12 11:46:37.901234] ACESvc (24568:24513) enter svc ...
[2014-12-12 11:46:37.901436] ACESvc (24569:24513) enter svc ...
[2014-12-12 11:46:37.901611] ACESvc (24570:24513) enter svc ...
[2014-12-12 11:46:37.901828] ACESvc (24571:24513) enter svc ...
[2014-12-12 11:46:37.902036] ACESvc (24572:24513) enter svc ...
[2014-12-12 11:46:37.902215] ACESvc (24573:24513) enter svc ...
[2014-12-12 11:46:37.902419] ACESvc (24574:24513) enter svc ...
[2014-12-12 11:46:37.902609] ACESvc (24575:24513) enter svc ...
[2014-12-12 11:46:37.902974] ACESvc (24577:24513) enter svc ...
[2014-12-12 11:46:37.901862] ACESvc (24561:24513) enter svc ...
[2014-12-12 11:46:37.903279] ACESvc (24578:24513) enter svc ...
[2014-12-12 11:46:37.905708] ACESvc (24579:24513) enter svc ...
[2014-12-12 11:46:37.905922] ACESvc (24583:24513) enter svc ...
[2014-12-12 11:46:37.906030] ACESvc (24581:24513) enter svc ...
[2014-12-12 11:46:37.906080] ACESvc (24585:24513) enter svc ...
[2014-12-12 11:46:37.903445] ACESvc (24576:24513) enter svc ...
[2014-12-12 11:46:37.906648] ACESvc (24588:24513) enter svc ...
[2014-12-12 11:46:37.906657] ACESvc (24594:24513) enter svc ...
[2014-12-12 11:46:37.906083] ACESvc (24584:24513) enter svc ...
[2014-12-12 11:46:37.905933] ACESvc (24580:24513) enter svc ...
[2014-12-12 11:46:37.906392] ACESvc (24587:24513) enter svc ...
[2014-12-12 11:46:37.906404] ACESvc (24593:24513) enter svc ...
[2014-12-12 11:46:37.906399] ACESvc (24589:24513) enter svc ...
[2014-12-12 11:46:37.907485] ACESvc (24600:24513) enter svc ...
[2014-12-12 11:46:37.906523] ACESvc (24591:24513) enter svc ...
[2014-12-12 11:46:37.906527] ACESvc (24590:24513) enter svc ...
[2014-12-12 11:46:37.906530] ACESvc (24592:24513) enter svc ...
[2014-12-12 11:46:37.907877] ACESvc (24601:24513) enter svc ...
[2014-12-12 11:46:37.905938] ACESvc (24596:24513) enter svc ...
[2014-12-12 11:46:37.905755] ACESvc (24595:24513) enter svc ...
[2014-12-12 11:46:37.906401] ACESvc (24597:24513) enter svc ...
[2014-12-12 11:46:37.906751] ACESvc (24586:24513) enter svc ...
[2014-12-12 11:46:37.908442] ACESvc (24598:24513) enter svc ...
[2014-12-12 11:46:37.906978] ACESvc (24582:24513) enter svc ...
[2014-12-12 11:46:37.908671] ACESvc (24603:24513) enter svc ...
[2014-12-12 11:46:37.909076] ACESvc (24606:24513) enter svc ...
[2014-12-12 11:46:37.908479] ACESvc (24599:24513) enter svc ...
[2014-12-12 11:46:37.909293] ACESvc (24602:24513) enter svc ...
[2014-12-12 11:46:37.909659] ACESvc (24604:24513) enter svc ...
[2014-12-12 11:46:37.909935] ACESvc (24607:24513) enter svc ...
[2014-12-12 11:46:37.910017] ACESvc (24605:24513) enter svc ...
[2014-12-12 11:46:37.910296] ACESvc (24608:24513) enter svc ...
[2014-12-12 11:46:37.910961] ACESvc (24611:24513) enter svc ...
[2014-12-12 11:46:37.910433] ACESvc (24609:24513) enter svc ...
[2014-12-12 11:46:37.910832] ACESvc (24612:24513) enter svc ...
[2014-12-12 11:46:37.911151] ACESvc (24613:24513) enter svc ...
[2014-12-12 11:46:37.910316] ACESvc (24610:24513) enter svc ...
[2014-12-12 11:46:37.910836] ISGWMgrSvc init succ,inner lock=0x7a986c8,out lock=0x7a98788
[2014-12-12 11:46:37.911312] ISGWApp init ISGWMgrSvc succ
[2014-12-12 11:46:37.911343] ISGWIntf get cfg ip failed,get eth1 ip
[2014-12-12 11:46:37.911481] ISGWApp tcp listen succ,ip=10.12.188.118,port=5693
[2014-12-12 11:46:37.911507] ISGWCIntf set quesize=10485760(byte)
[2014-12-12 11:46:37.911539] isgw_svrd init succ ...
[2014-12-12 11:46:37.911552] init app succ
[2014-12-12 11:46:37.911565] write pid file ./isgw_svrd.pid
[2014-12-12 11:46:37.911711] write pid file succ
[2014-12-12 11:46:37.911728] enter daemon main pid: 24513
[2014-12-12 11:46:37.911739] within daemon main pid: 24513
[2014-12-12 11:48:20.177612] IsgwOperBase start to process CMD_TEST
[2014-12-12 11:48:20.177680] IsgwOperBase process CMD_TEST succ
[2014-12-12 12:08:16.657331] ISGWIntf handle_timeout close with 10.12.188.118:43072,sock_seq:0
41588864: work_pending_i: Interrupted system call
[2014-12-23 18:16:45.158759] within daemon main pid: 24513
41588864: work_pending_i: Interrupted system call
[2014-12-23 18:16:50.370246] within daemon main pid: 24513
41588864: work_pending_i: Interrupted system call
[2014-12-23 18:16:57.742880] within daemon main pid: 24513
41588864: work_pending_i: Interrupted system call
[2014-12-23 18:17:00.357591] within daemon main pid: 24513
41588864: work_pending_i: Interrupted system call
[2014-12-23 18:17:04.442935] within daemon main pid: 24513
41588864: work_pending_i: Interrupted system call
[2014-12-23 18:17:06.270964] within daemon main pid: 24513
41588864: work_pending_i: Interrupted system call
[2014-12-23 18:17:14.654670] within daemon main pid: 24513
[2014-12-23 18:17:31.862208] IsgwOperBase start to process CMD_TEST
[2014-12-23 18:17:31.862262] IsgwOperBase process CMD_TEST succ
41588864: work_pending_i: Interrupted system call
[2014-12-23 18:22:51.798299] within daemon main pid: 24513
[2014-12-23 18:37:28.677035] ISGWIntf handle_timeout close with 10.12.188.118:49380,sock_seq:1
